/dev/mapper/debian10--vg-root: clean, 132825/1525920 files, 1006445/6103040 blocks
[[0;32m  OK  [0m] Started [0;1;39mTell Plymouth To Write Out Runtime Data[0m.
[[0;32m  OK  [0m] Started [0;1;39mSet console font and keymap[0m.
[[0;32m  OK  [0m] Started [0;1;39mCreate Volatile Files and Directories[0m.
         Starting [0;1;39mUpdate UTMP about System Boot/Shutdown[0m...
         Starting [0;1;39mNetwork Time Synchronization[0m...
[[0;32m  OK  [0m] Started [0;1;39mUpdate UTMP about System Boot/Shutdown[0m.
[[0;32m  OK  [0m] Started [0;1;39mNetwork Time Synchronization[0m.
[[0;32m  OK  [0m] Reached target [0;1;39mSystem Time Synchronized[0m.
[[0;32m  OK  [0m] Started [0;1;39mLoad AppArmor profiles[0m.
         Starting [0;1;39mRaise network interfaces[0m...
[[0;32m  OK  [0m] Reached target [0;1;39mSystem Initialization[0m.
[[0;32m  OK  [0m] Started [0;1;39mDaily Cleanup of Temporary Directories[0m.
[[0;32m  OK  [0m] Listening on [0;1;39mAvahi mDNS/DNS-SD Stack Activation Socket[0m.
[[0;32m  OK  [0m] Started [0;1;39mTrigger anacron every hour[0m.
[[0;32m  OK  [0m] Started [0;1;39mDaily man-db regeneration[0m.
[[0;32m  OK  [0m] Listening on [0;1;39mD-Bus System Message Bus Socket[0m.
[[0;32m  OK  [0m] Reached target [0;1;39mSockets[0m.
[[0;32m  OK  [0m] Reached target [0;1;39mBasic System[0m.
[[0;32m  OK  [0m] Started [0;1;39mD-Bus System Message Bus[0m.
         Starting [0;1;39mWPA supplicant[0m...
         Starting [0;1;39mNetwork Manager[0m...
         Starting [0;1;39mAccounts Service[0m...
[[0;32m  OK  [0m] Started [0;1;39mManage Sound Card State (restore and store)[0m.
         Starting [0;1;39mSave/Restore Sound Card State[0m...
[[0;32m  OK  [0m] Reached target [0;1;39mLogin Prompts[0m.
         Starting [0;1;39mLogin Service[0m...
         Starting [0;1;39mAvahi mDNS/DNS-SD Stack[0m...
         Starting [0;1;39mSystem Logging Service[0m...
         Starting [0;1;39mSwitcheroo Control Proxy service[0m...
         Starting [0;1;39mDisk Manager[0m...
[[0;32m  OK  [0m] Started [0;1;39mDaily rotation of log files[0m.
[[0;32m  OK  [0m] Started [0;1;39mDaily apt download activities[0m.
[[0;32m  OK  [0m] Started [0;1;39mDaily apt upgrade and clean activities[0m.
[[0;32m  OK  [0m] Reached target [0;1;39mTimers[0m.
         Starting [0;1;39mRestore /etc/resolv.conf if…hed before the ppp link was shut down[0m...
         Starting [0;1;39mModem Manager[0m...
[[0;32m  OK  [0m] Started [0;1;39mRegular background program processing daemon[0m.
[[0;32m  OK  [0m] Started [0;1;39mSave/Restore Sound Card State[0m.
[[0;32m  OK  [0m] Started [0;1;39mSwitcheroo Control Proxy service[0m.
[[0;32m  OK  [0m] Reached target [0;1;39mSound Card[0m.
[[0;32m  OK  [0m] Started [0;1;39mSystem Logging Service[0m.
[[0;32m  OK  [0m] Started [0;1;39mWPA supplicant[0m.
[[0;32m  OK  [0m] Started [0;1;39mRestore /etc/resolv.conf if …ashed before the ppp link was shut down[0m.
[[0;32m  OK  [0m] Started [0;1;39mAvahi mDNS/DNS-SD Stack[0m.
         Starting [0;1;39mAuthorization Manager[0m...
[[0;32m  OK  [0m] Started [0;1;39mNetwork Manager[0m.
[[0;32m  OK  [0m] Started [0;1;39mAuthorization Manager[0m.
[[0;32m  OK  [0m] Started [0;1;39mAccounts Service[0m.
         Starting [0;1;39mHostname Service[0m...
[[0;32m  OK  [0m] Started [0;1;39mRaise network interfaces[0m.
[[0;32m  OK  [0m] Reached target [0;1;39mNetwork[0m.
         Starting [0;1;39mPermit User Sessions[0m...
         Starting [0;1;39mOpenBSD Secure Shell server[0m...
[[0;32m  OK  [0m] Started [0;1;39mLogin Service[0m.
[[0;32m  OK  [0m] Started [0;1;39mModem Manager[0m.
[[0;32m  OK  [0m] Started [0;1;39mUnattended Upgrades Shutdown[0m.
[[0;32m  OK  [0m] Started [0;1;39mPermit User Sessions[0m.
         Starting [0;1;39mGNOME Display Manager[0m...
         Starting [0;1;39mHold until boot process finishes up[0m...
[[0;32m  OK  [0m] Started [0;1;39mOpenBSD Secure Shell server[0m.
[[0;32m  OK  [0m] Started [0;1;39mGNOME Display Manager[0m.
[[0;32m  OK  [0m] Started [0;1;39mHostname Service[0m.
/dev/mapper/debian10--vg-root: clean, 132887/1525920 files, 1006712/6103040 blocks
[[0;32m  OK  [0m] Started [0;1;39mTell Plymouth To Write Out Runtime Data[0m.
[[0;32m  OK  [0m] Started [0;1;39mFlush Journal to Persistent Storage[0m.
         Starting [0;1;39mCreate Volatile Files and Directories[0m...
         Starting [0;1;39mShow Plymouth Boot Screen[0m...
         Starting [0;1;39mTell Plymouth To Write Out Runtime Data[0m...
[[0;32m  OK  [0m] Started [0;1;39mCreate Volatile Files and Directories[0m.
         Starting [0;1;39mNetwork Time Synchronization[0m...
         Starting [0;1;39mUpdate UTMP about System Boot/Shutdown[0m...
[[0;32m  OK  [0m] Started [0;1;39mTell Plymouth To Write Out Runtime Data[0m.
[[0;32m  OK  [0m] Started [0;1;39mUpdate UTMP about System Boot/Shutdown[0m.
[[0;32m  OK  [0m] Started [0;1;39mShow Plymouth Boot Screen[0m.
[[0;32m  OK  [0m] Started [0;1;39mLoad AppArmor profiles[0m.
         Starting [0;1;39mRaise network interfaces[0m...
[[0;32m  OK  [0m] Started [0;1;39mRaise network interfaces[0m.
[[0;32m  OK  [0m] Started [0;1;39mNetwork Time Synchronization[0m.
[[0;32m  OK  [0m] Reached target [0;1;39mSystem Time Synchronized[0m.
[[0;32m  OK  [0m] Reached target [0;1;39mSystem Initialization[0m.
[[0;32m  OK  [0m] Started [0;1;39mTrigger anacron every hour[0m.
[[0;32m  OK  [0m] Listening on [0;1;39mD-Bus System Message Bus Socket[0m.
[[0;32m  OK  [0m] Started [0;1;39mDaily Cleanup of Temporary Directories[0m.
[[0;32m  OK  [0m] Started [0;1;39mDaily man-db regeneration[0m.
[[0;32m  OK  [0m] Started [0;1;39mDaily rotation of log files[0m.
[[0;32m  OK  [0m] Listening on [0;1;39mAvahi mDNS/DNS-SD Stack Activation Socket[0m.
[[0;32m  OK  [0m] Reached target [0;1;39mSockets[0m.
[[0;32m  OK  [0m] Reached target [0;1;39mBasic System[0m.
[[0;32m  OK  [0m] Started [0;1;39mRegular background program processing daemon[0m.
         Starting [0;1;39mLogin Service[0m...
         Starting [0;1;39mRestore /etc/resolv.conf if…hed before the ppp link was shut down[0m...
         Starting [0;1;39mSwitcheroo Control Proxy service[0m...
         Starting [0;1;39mAccounts Service[0m...
[[0;32m  OK  [0m] Reached target [0;1;39mLogin Prompts[0m.
[[0;32m  OK  [0m] Started [0;1;39mD-Bus System Message Bus[0m.
         Starting [0;1;39mModem Manager[0m...
         Starting [0;1;39mSystem Logging Service[0m...
         Starting [0;1;39mDisk Manager[0m...
[[0;32m  OK  [0m] Started [0;1;39mManage Sound Card State (restore and store)[0m.
         Starting [0;1;39mSave/Restore Sound Card State[0m...
[[0;32m  OK  [0m] Started [0;1;39mDaily apt download activities[0m.
[[0;32m  OK  [0m] Started [0;1;39mDaily apt upgrade and clean activities[0m.
[[0;32m  OK  [0m] Reached target [0;1;39mTimers[0m.
         Starting [0;1;39mAvahi mDNS/DNS-SD Stack[0m...
         Starting [0;1;39mNetwork Manager[0m...
         Starting [0;1;39mWPA supplicant[0m...
[[0;32m  OK  [0m] Started [0;1;39mSwitcheroo Control Proxy service[0m.
[[0;32m  OK  [0m] Started [0;1;39mRestore /etc/resolv.conf if …ashed before the ppp link was shut down[0m.
[[0;32m  OK  [0m] Started [0;1;39mSystem Logging Service[0m.
[[0;32m  OK  [0m] Started [0;1;39mSave/Restore Sound Card State[0m.
[[0;32m  OK  [0m] Started [0;1;39mWPA supplicant[0m.
[[0;32m  OK  [0m] Reached target [0;1;39mSound Card[0m.
[[0;32m  OK  [0m] Started [0;1;39mAvahi mDNS/DNS-SD Stack[0m.
         Starting [0;1;39mAuthorization Manager[0m...
[[0;32m  OK  [0m] Started [0;1;39mLogin Service[0m.
[[0;32m  OK  [0m] Started [0;1;39mAuthorization Manager[0m.
[[0;32m  OK  [0m] Started [0;1;39mAccounts Service[0m.
[[0;32m  OK  [0m] Started [0;1;39mNetwork Manager[0m.
[[0;32m  OK  [0m] Reached target [0;1;39mNetwork[0m.
         Starting [0;1;39mOpenBSD Secure Shell server[0m...
[[0;32m  OK  [0m] Started [0;1;39mUnattended Upgrades Shutdown[0m.
         Starting [0;1;39mPermit User Sessions[0m...
[[0;32m  OK  [0m] Started [0;1;39mModem Manager[0m.
         Starting [0;1;39mHostname Service[0m...
[[0;32m  OK  [0m] Started [0;1;39mPermit User Sessions[0m.
         Starting [0;1;39mGNOME Display Manager[0m...
         Starting [0;1;39mHold until boot process finishes up[0m...
[[0;32m  OK  [0m] Started [0;1;39mOpenBSD Secure Shell server[0m.
[[0;32m  OK  [0m] Started [0;1;39mGNOME Display Manager[0m.
/dev/mapper/debian10--vg-root: clean, 132887/1525920 files, 1006712/6103040 blocks
[[0;32m  OK  [0m] Started [0;1;39mTell Plymouth To Write Out Runtime Data[0m.
[[0;32m  OK  [0m] Started [0;1;39mLoad/Save Random Seed[0m.
[[0;32m  OK  [0m] Started [0;1;39mFlush Journal to Persistent Storage[0m.
         Starting [0;1;39mCreate Volatile Files and Directories[0m...
[[0;32m  OK  [0m] Started [0;1;39mCreate Volatile Files and Directories[0m.
         Starting [0;1;39mUpdate UTMP about System Boot/Shutdown[0m...
         Starting [0;1;39mNetwork Time Synchronization[0m...
[[0;32m  OK  [0m] Started [0;1;39mUpdate UTMP about System Boot/Shutdown[0m.
[[0;32m  OK  [0m] Started [0;1;39mLoad AppArmor profiles[0m.
         Starting [0;1;39mRaise network interfaces[0m...
[[0;32m  OK  [0m] Started [0;1;39mRaise network interfaces[0m.
[[0;32m  OK  [0m] Started [0;1;39mNetwork Time Synchronization[0m.
[[0;32m  OK  [0m] Reached target [0;1;39mSystem Time Synchronized[0m.
[[0;32m  OK  [0m] Reached target [0;1;39mSystem Initialization[0m.
[[0;32m  OK  [0m] Started [0;1;39mDaily man-db regeneration[0m.
[[0;32m  OK  [0m] Started [0;1;39mDaily apt download activities[0m.
[[0;32m  OK  [0m] Started [0;1;39mDaily rotation of log files[0m.
[[0;32m  OK  [0m] Listening on [0;1;39mD-Bus System Message Bus Socket[0m.
[[0;32m  OK  [0m] Started [0;1;39mDaily apt upgrade and clean activities[0m.
[[0;32m  OK  [0m] Listening on [0;1;39mAvahi mDNS/DNS-SD Stack Activation Socket[0m.
[[0;32m  OK  [0m] Reached target [0;1;39mSockets[0m.
[[0;32m  OK  [0m] Started [0;1;39mTrigger anacron every hour[0m.
[[0;32m  OK  [0m] Reached target [0;1;39mBasic System[0m.
         Starting [0;1;39mAvahi mDNS/DNS-SD Stack[0m...
         Starting [0;1;39mDisk Manager[0m...
         Starting [0;1;39mSwitcheroo Control Proxy service[0m...
[[0;32m  OK  [0m] Started [0;1;39mDaily Cleanup of Temporary Directories[0m.
[[0;32m  OK  [0m] Reached target [0;1;39mTimers[0m.
[[0;32m  OK  [0m] Reached target [0;1;39mLogin Prompts[0m.
         Starting [0;1;39mModem Manager[0m...
         Starting [0;1;39mLogin Service[0m...
[[0;32m  OK  [0m] Started [0;1;39mManage Sound Card State (restore and store)[0m.
         Starting [0;1;39mSave/Restore Sound Card State[0m...
[[0;32m  OK  [0m] Started [0;1;39mD-Bus System Message Bus[0m.
         Starting [0;1;39mWPA supplicant[0m...
         Starting [0;1;39mNetwork Manager[0m...
         Starting [0;1;39mSystem Logging Service[0m...
[[0;32m  OK  [0m] Started [0;1;39mRegular background program processing daemon[0m.
         Starting [0;1;39mRestore /etc/resolv.conf if…hed before the ppp link was shut down[0m...
         Starting [0;1;39mAccounts Service[0m...
[[0;32m  OK  [0m] Started [0;1;39mSwitcheroo Control Proxy service[0m.
[[0;32m  OK  [0m] Started [0;1;39mSave/Restore Sound Card State[0m.
[[0;32m  OK  [0m] Reached target [0;1;39mSound Card[0m.
[[0;32m  OK  [0m] Started [0;1;39mWPA supplicant[0m.
[[0;32m  OK  [0m] Started [0;1;39mSystem Logging Service[0m.
[[0;32m  OK  [0m] Started [0;1;39mRestore /etc/resolv.conf if …ashed before the ppp link was shut down[0m.
[[0;32m  OK  [0m] Started [0;1;39mAvahi mDNS/DNS-SD Stack[0m.
         Starting [0;1;39mAuthorization Manager[0m...
[[0;32m  OK  [0m] Started [0;1;39mLogin Service[0m.
[[0;32m  OK  [0m] Started [0;1;39mAuthorization Manager[0m.
[[0;32m  OK  [0m] Started [0;1;39mAccounts Service[0m.
[[0;32m  OK  [0m] Started [0;1;39mNetwork Manager[0m.
[[0;32m  OK  [0m] Reached target [0;1;39mNetwork[0m.
         Starting [0;1;39mPermit User Sessions[0m...
[[0;32m  OK  [0m] Started [0;1;39mUnattended Upgrades Shutdown[0m.
         Starting [0;1;39mOpenBSD Secure Shell server[0m...
[[0;32m  OK  [0m] Started [0;1;39mPermit User Sessions[0m.
[[0;32m  OK  [0m] Started [0;1;39mModem Manager[0m.
         Starting [0;1;39mHostname Service[0m...
         Starting [0;1;39mGNOME Display Manager[0m...
         Starting [0;1;39mHold until boot process finishes up[0m...
[[0;32m  OK  [0m] Started [0;1;39mOpenBSD Secure Shell server[0m.
[[0;32m  OK  [0m] Started [0;1;39mGNOME Display Manager[0m.
/dev/mapper/debian10--vg-root: clean, 132887/1525920 files, 1006712/6103040 blocks
[[0;32m  OK  [0m] Started [0;1;39mTell Plymouth To Write Out Runtime Data[0m.
         Starting [0;1;39mShow Plymouth Boot Screen[0m...
         Starting [0;1;39mTell Plymouth To Write Out Runtime Data[0m...
[[0;32m  OK  [0m] Started [0;1;39mCreate Volatile Files and Directories[0m.
         Starting [0;1;39mUpdate UTMP about System Boot/Shutdown[0m...
         Starting [0;1;39mNetwork Time Synchronization[0m...
[[0;32m  OK  [0m] Started [0;1;39mTell Plymouth To Write Out Runtime Data[0m.
[[0;32m  OK  [0m] Started [0;1;39mUpdate UTMP about System Boot/Shutdown[0m.
[[0;32m  OK  [0m] Started [0;1;39mLoad AppArmor profiles[0m.
         Starting [0;1;39mRaise network interfaces[0m...
[[0;32m  OK  [0m] Started [0;1;39mShow Plymouth Boot Screen[0m.
[[0;32m  OK  [0m] Started [0;1;39mRaise network interfaces[0m.
[[0;32m  OK  [0m] Started [0;1;39mNetwork Time Synchronization[0m.
[[0;32m  OK  [0m] Reached target [0;1;39mSystem Time Synchronized[0m.
[[0;32m  OK  [0m] Reached target [0;1;39mSystem Initialization[0m.
[[0;32m  OK  [0m] Started [0;1;39mTrigger anacron every hour[0m.
[[0;32m  OK  [0m] Started [0;1;39mDaily apt download activities[0m.
[[0;32m  OK  [0m] Listening on [0;1;39mAvahi mDNS/DNS-SD Stack Activation Socket[0m.
[[0;32m  OK  [0m] Started [0;1;39mDaily rotation of log files[0m.
[[0;32m  OK  [0m] Listening on [0;1;39mD-Bus System Message Bus Socket[0m.
[[0;32m  OK  [0m] Reached target [0;1;39mSockets[0m.
[[0;32m  OK  [0m] Reached target [0;1;39mBasic System[0m.
         Starting [0;1;39mAvahi mDNS/DNS-SD Stack[0m...
[[0;32m  OK  [0m] Started [0;1;39mRegular background program processing daemon[0m.
         Starting [0;1;39mSystem Logging Service[0m...
[[0;32m  OK  [0m] Reached target [0;1;39mLogin Prompts[0m.
         Starting [0;1;39mModem Manager[0m...
         Starting [0;1;39mDisk Manager[0m...
[[0;32m  OK  [0m] Started [0;1;39mD-Bus System Message Bus[0m.
[[0;32m  OK  [0m] Started [0;1;39mManage Sound Card State (restore and store)[0m.
         Starting [0;1;39mSave/Restore Sound Card State[0m...
[[0;32m  OK  [0m] Started [0;1;39mDaily apt upgrade and clean activities[0m.
         Starting [0;1;39mNetwork Manager[0m...
         Starting [0;1;39mSwitcheroo Control Proxy service[0m...
         Starting [0;1;39mWPA supplicant[0m...
[[0;32m  OK  [0m] Started [0;1;39mDaily man-db regeneration[0m.
         Starting [0;1;39mRestore /etc/resolv.conf if…hed before the ppp link was shut down[0m...
         Starting [0;1;39mAccounts Service[0m...
         Starting [0;1;39mLogin Service[0m...
[[0;32m  OK  [0m] Started [0;1;39mDaily Cleanup of Temporary Directories[0m.
[[0;32m  OK  [0m] Reached target [0;1;39mTimers[0m.
[[0;32m  OK  [0m] Started [0;1;39mSave/Restore Sound Card State[0m.
[[0;32m  OK  [0m] Started [0;1;39mSwitcheroo Control Proxy service[0m.
[[0;32m  OK  [0m] Started [0;1;39mSystem Logging Service[0m.
[[0;32m  OK  [0m] Reached target [0;1;39mSound Card[0m.
[[0;32m  OK  [0m] Started [0;1;39mWPA supplicant[0m.
[[0;32m  OK  [0m] Started [0;1;39mRestore /etc/resolv.conf if …ashed before the ppp link was shut down[0m.
[[0;32m  OK  [0m] Started [0;1;39mAvahi mDNS/DNS-SD Stack[0m.
[[0;32m  OK  [0m] Started [0;1;39mNetwork Manager[0m.
[[0;32m  OK  [0m] Reached target [0;1;39mNetwork[0m.
         Starting [0;1;39mPermit User Sessions[0m...
         Starting [0;1;39mOpenBSD Secure Shell server[0m...
         Starting [0;1;39mAuthorization Manager[0m...
         Starting [0;1;39mHostname Service[0m...
[[0;32m  OK  [0m] Started [0;1;39mPermit User Sessions[0m.
         Starting [0;1;39mHold until boot process finishes up[0m...
         Starting [0;1;39mGNOME Display Manager[0m...
[[0;32m  OK  [0m] Started [0;1;39mLogin Service[0m.
[[0;32m  OK  [0m] Started [0;1;39mUnattended Upgrades Shutdown[0m.
[[0;32m  OK  [0m] Started [0;1;39mAuthorization Manager[0m.
[[0;32m  OK  [0m] Started [0;1;39mAccounts Service[0m.
[[0;32m  OK  [0m] Started [0;1;39mGNOME Display Manager[0m.
[[0;32m  OK  [0m] Started [0;1;39mOpenBSD Secure Shell server[0m.
[[0;32m  OK  [0m] Started [0;1;39mModem Manager[0m.
/dev/mapper/debian10--vg-root: clean, 155927/1525920 files, 1067035/6103040 blocks
[[0;32m  OK  [0m] Started [0;1;39mTell Plymouth To Write Out Runtime Data[0m.
[[0;32m  OK  [0m] Started [0;1;39mCreate Volatile Files and Directories[0m.
         Starting [0;1;39mNetwork Time Synchronization[0m...
         Starting [0;1;39mUpdate UTMP about System Boot/Shutdown[0m...
[[0;32m  OK  [0m] Started [0;1;39mUpdate UTMP about System Boot/Shutdown[0m.
[[0;32m  OK  [0m] Started [0;1;39mLoad AppArmor profiles[0m.
         Starting [0;1;39mRaise network interfaces[0m...
[[0;32m  OK  [0m] Started [0;1;39mRaise network interfaces[0m.
[[0;32m  OK  [0m] Started [0;1;39mNetwork Time Synchronization[0m.
[[0;32m  OK  [0m] Reached target [0;1;39mSystem Time Synchronized[0m.
[[0;32m  OK  [0m] Reached target [0;1;39mSystem Initialization[0m.
[[0;32m  OK  [0m] Started [0;1;39mDaily rotation of log files[0m.
[[0;32m  OK  [0m] Started [0;1;39mTrigger anacron every hour[0m.
[[0;32m  OK  [0m] Listening on [0;1;39mD-Bus System Message Bus Socket[0m.
[[0;32m  OK  [0m] Listening on [0;1;39mAvahi mDNS/DNS-SD Stack Activation Socket[0m.
[[0;32m  OK  [0m] Reached target [0;1;39mSockets[0m.
[[0;32m  OK  [0m] Reached target [0;1;39mBasic System[0m.
[[0;32m  OK  [0m] Started [0;1;39mManage Sound Card State (restore and store)[0m.
         Starting [0;1;39mModem Manager[0m...
         Starting [0;1;39mDisk Manager[0m...
         Starting [0;1;39mLogin Service[0m...
         Starting [0;1;39mSwitcheroo Control Proxy service[0m...
         Starting [0;1;39mAvahi mDNS/DNS-SD Stack[0m...
         Starting [0;1;39mSave/Restore Sound Card State[0m...
[[0;32m  OK  [0m] Started [0;1;39mRegular background program processing daemon[0m.
         Starting [0;1;39mSystem Logging Service[0m...
[[0;32m  OK  [0m] Started [0;1;39mDaily Cleanup of Temporary Directories[0m.
[[0;32m  OK  [0m] Started [0;1;39mDaily apt download activities[0m.
[[0;32m  OK  [0m] Started [0;1;39mDaily apt upgrade and clean activities[0m.
[[0;32m  OK  [0m] Started [0;1;39mDaily man-db regeneration[0m.
[[0;32m  OK  [0m] Reached target [0;1;39mTimers[0m.
[[0;32m  OK  [0m] Reached target [0;1;39mLogin Prompts[0m.
[[0;32m  OK  [0m] Started [0;1;39mD-Bus System Message Bus[0m.
         Starting [0;1;39mNetwork Manager[0m...
         Starting [0;1;39mWPA supplicant[0m...
         Starting [0;1;39mAccounts Service[0m...
         Starting [0;1;39mRestore /etc/resolv.conf if…hed before the ppp link was shut down[0m...
[[0;32m  OK  [0m] Started [0;1;39mSwitcheroo Control Proxy service[0m.
[[0;32m  OK  [0m] Started [0;1;39mSystem Logging Service[0m.
[[0;32m  OK  [0m] Started [0;1;39mSave/Restore Sound Card State[0m.
[[0;32m  OK  [0m] Started [0;1;39mRestore /etc/resolv.conf if …ashed before the ppp link was shut down[0m.
[[0;32m  OK  [0m] Reached target [0;1;39mSound Card[0m.
[[0;32m  OK  [0m] Started [0;1;39mLogin Service[0m.
[[0;32m  OK  [0m] Started [0;1;39mWPA supplicant[0m.
[[0;32m  OK  [0m] Started [0;1;39mAvahi mDNS/DNS-SD Stack[0m.
[[0;32m  OK  [0m] Started [0;1;39mNetwork Manager[0m.
[[0;32m  OK  [0m] Reached target [0;1;39mNetwork[0m.
         Starting [0;1;39mPermit User Sessions[0m...
[[0;32m  OK  [0m] Started [0;1;39mUnattended Upgrades Shutdown[0m.
         Starting [0;1;39mOpenBSD Secure Shell server[0m...
         Starting [0;1;39mAuthorization Manager[0m...
         Starting [0;1;39mHostname Service[0m...
[[0;32m  OK  [0m] Started [0;1;39mPermit User Sessions[0m.
         Starting [0;1;39mHold until boot process finishes up[0m...
         Starting [0;1;39mGNOME Display Manager[0m...
[[0;32m  OK  [0m] Started [0;1;39mOpenBSD Secure Shell server[0m.
[[0;32m  OK  [0m] Started [0;1;39mGNOME Display Manager[0m.
[[0;32m  OK  [0m] Started [0;1;39mAuthorization Manager[0m.
[[0;32m  OK  [0m] Started [0;1;39mAccounts Service[0m.
/dev/mapper/debian10--vg-root: clean, 156320/1525920 files, 1074192/6103040 blocks
[[0;32m  OK  [0m] Started [0;1;39mTell Plymouth To Write Out Runtime Data[0m.
[[0;32m  OK  [0m] Started [0;1;39mSet console font and keymap[0m.
[[0;32m  OK  [0m] Started [0;1;39mCreate Volatile Files and Directories[0m.
         Starting [0;1;39mUpdate UTMP about System Boot/Shutdown[0m...
[[0;32m  OK  [0m] Started [0;1;39mShow Plymouth Boot Screen[0m.
[[0;32m  OK  [0m] Started [0;1;39mUpdate UTMP about System Boot/Shutdown[0m.
[[0;32m  OK  [0m] Started [0;1;39mLoad AppArmor profiles[0m.
         Starting [0;1;39mRaise network interfaces[0m...
[[0;32m  OK  [0m] Reached target [0;1;39mSystem Initialization[0m.
[[0;32m  OK  [0m] Listening on [0;1;39mD-Bus System Message Bus Socket[0m.
[[0;32m  OK  [0m] Listening on [0;1;39mAvahi mDNS/DNS-SD Stack Activation Socket[0m.
[[0;32m  OK  [0m] Reached target [0;1;39mSockets[0m.
[[0;32m  OK  [0m] Reached target [0;1;39mBasic System[0m.
         Starting [0;1;39mSwitcheroo Control Proxy service[0m...
         Starting [0;1;39mRestore /etc/resolv.conf if…hed before the ppp link was shut down[0m...
[[0;32m  OK  [0m] Started [0;1;39mD-Bus System Message Bus[0m.
         Starting [0;1;39mNetwork Manager[0m...
[[0;32m  OK  [0m] Started [0;1;39mManage Sound Card State (restore and store)[0m.
         Starting [0;1;39mDisk Manager[0m...
         Starting [0;1;39mvboxadd.service[0m...
         Starting [0;1;39mAvahi mDNS/DNS-SD Stack[0m...
         Starting [0;1;39mLogin Service[0m...
[[0;32m  OK  [0m] Started [0;1;39mDaily apt download activities[0m.
         Starting [0;1;39mWPA supplicant[0m...
         Starting [0;1;39mSystem Logging Service[0m...
[[0;32m  OK  [0m] Reached target [0;1;39mLogin Prompts[0m.
         Starting [0;1;39mAccounts Service[0m...
         Starting [0;1;39mModem Manager[0m...
[[0;32m  OK  [0m] Started [0;1;39mDaily rotation of log files[0m.
[[0;32m  OK  [0m] Started [0;1;39mDaily apt upgrade and clean activities[0m.
[[0;32m  OK  [0m] Started [0;1;39mTrigger anacron every hour[0m.
         Starting [0;1;39mSave/Restore Sound Card State[0m...
[[0;32m  OK  [0m] Started [0;1;39mRegular background program processing daemon[0m.
[[0;32m  OK  [0m] Started [0;1;39mDaily man-db regeneration[0m.
[[0;32m  OK  [0m] Started [0;1;39mDaily Cleanup of Temporary Directories[0m.
[[0;32m  OK  [0m] Reached target [0;1;39mTimers[0m.
[[0;32m  OK  [0m] Started [0;1;39mSwitcheroo Control Proxy service[0m.
[[0;32m  OK  [0m] Started [0;1;39mRestore /etc/resolv.conf if …ashed before the ppp link was shut down[0m.
[[0;32m  OK  [0m] Started [0;1;39mSystem Logging Service[0m.
[[0;32m  OK  [0m] Started [0;1;39mSave/Restore Sound Card State[0m.
[[0;32m  OK  [0m] Reached target [0;1;39mSound Card[0m.
[[0;32m  OK  [0m] Started [0;1;39mLogin Service[0m.
[[0;32m  OK  [0m] Started [0;1;39mWPA supplicant[0m.
[[0;32m  OK  [0m] Started [0;1;39mAvahi mDNS/DNS-SD Stack[0m.
         Starting [0;1;39mAuthorization Manager[0m...
[[0;32m  OK  [0m] Started [0;1;39mNetwork Manager[0m.
         Starting [0;1;39mHostname Service[0m...
[[0;32m  OK  [0m] Started [0;1;39mAuthorization Manager[0m.
[[0;32m  OK  [0m] Started [0;1;39mAccounts Service[0m.
[[0;32m  OK  [0m] Started [0;1;39mRaise network interfaces[0m.
[[0;32m  OK  [0m] Reached target [0;1;39mNetwork[0m.
         Starting [0;1;39mPermit User Sessions[0m...
[[0;32m  OK  [0m] Started [0;1;39mUnattended Upgrades Shutdown[0m.
         Starting [0;1;39mOpenBSD Secure Shell server[0m...
[[0;32m  OK  [0m] Started [0;1;39mModem Manager[0m.
[[0;32m  OK  [0m] Started [0;1;39mPermit User Sessions[0m.
         Starting [0;1;39mHold until boot process finishes up[0m...
[[0;32m  OK  [0m] Started [0;1;39mOpenBSD Secure Shell server[0m.
[[0;32m  OK  [0m] Started [0;1;39mHostname Service[0m.
[[0;32m  OK  [0m] Listening on [0;1;39mLoad/Save RF Kill Switch Status /dev/rfkill Watch[0m.
         Starting [0;1;39mNetwork Manager Script Dispatcher Service[0m...
[[0;32m  OK  [0m] Started [0;1;39mDisk Manager[0m.
[[0;32m  OK  [0m] Started [0;1;39mNetwork Manager Script Dispatcher Service[0m.
[[0;32m  OK  [0m] Started [0;1;39mvboxadd.service[0m.
         Starting [0;1;39mGNOME Display Manager[0m...
         Starting [0;1;39mvboxadd-service.service[0m...
[[0;32m  OK  [0m] Started [0;1;39mvboxadd-service.service[0m.
[[0;32m  OK  [0m] Started [0;1;39mGNOME Display Manager[0m.
/dev/mapper/debian10--vg-root: clean, 156320/1525920 files, 1074192/6103040 blocks
[[0;32m  OK  [0m] Started [0;1;39mTell Plymouth To Write Out Runtime Data[0m.
[[0;32m  OK  [0m] Started [0;1;39mSet console font and keymap[0m.
[[0;32m  OK  [0m] Started [0;1;39mCreate Volatile Files and Directories[0m.
         Starting [0;1;39mUpdate UTMP about System Boot/Shutdown[0m...
[[0;32m  OK  [0m] Started [0;1;39mUpdate UTMP about System Boot/Shutdown[0m.
[[0;32m  OK  [0m] Started [0;1;39mLoad AppArmor profiles[0m.
         Starting [0;1;39mRaise network interfaces[0m...
[[0;32m  OK  [0m] Reached target [0;1;39mSystem Initialization[0m.
[[0;32m  OK  [0m] Started [0;1;39mDaily rotation of log files[0m.
[[0;32m  OK  [0m] Started [0;1;39mDaily apt download activities[0m.
[[0;32m  OK  [0m] Started [0;1;39mTrigger anacron every hour[0m.
[[0;32m  OK  [0m] Listening on [0;1;39mD-Bus System Message Bus Socket[0m.
[[0;32m  OK  [0m] Started [0;1;39mDaily apt upgrade and clean activities[0m.
[[0;32m  OK  [0m] Started [0;1;39mDaily man-db regeneration[0m.
[[0;32m  OK  [0m] Started [0;1;39mDaily Cleanup of Temporary Directories[0m.
[[0;32m  OK  [0m] Reached target [0;1;39mTimers[0m.
[[0;32m  OK  [0m] Listening on [0;1;39mAvahi mDNS/DNS-SD Stack Activation Socket[0m.
[[0;32m  OK  [0m] Reached target [0;1;39mSockets[0m.
[[0;32m  OK  [0m] Reached target [0;1;39mBasic System[0m.
         Starting [0;1;39mAccounts Service[0m...
         Starting [0;1;39mvboxadd.service[0m...
         Starting [0;1;39mDisk Manager[0m...
         Starting [0;1;39mRestore /etc/resolv.conf if…hed before the ppp link was shut down[0m...
[[0;32m  OK  [0m] Started [0;1;39mRegular background program processing daemon[0m.
         Starting [0;1;39mLogin Service[0m...
[[0;32m  OK  [0m] Started [0;1;39mManage Sound Card State (restore and store)[0m.
         Starting [0;1;39mSave/Restore Sound Card State[0m...
[[0;32m  OK  [0m] Started [0;1;39mRun anacron jobs[0m.
         Starting [0;1;39mSwitcheroo Control Proxy service[0m...
[[0;32m  OK  [0m] Started [0;1;39mD-Bus System Message Bus[0m.
         Starting [0;1;39mWPA supplicant[0m...
         Starting [0;1;39mModem Manager[0m...
         Starting [0;1;39mAvahi mDNS/DNS-SD Stack[0m...
[[0;32m  OK  [0m] Reached target [0;1;39mLogin Prompts[0m.
         Starting [0;1;39mNetwork Manager[0m...
         Starting [0;1;39mSystem Logging Service[0m...
[[0;32m  OK  [0m] Started [0;1;39mRestore /etc/resolv.conf if …ashed before the ppp link was shut down[0m.
[[0;32m  OK  [0m] Started [0;1;39mSwitcheroo Control Proxy service[0m.
         Starting [0;1;39mRotate log files[0m...
         Starting [0;1;39mDaily man-db regeneration[0m...
[[0;32m  OK  [0m] Started [0;1;39mLogin Service[0m.
[[0;32m  OK  [0m] Started [0;1;39mSystem Logging Service[0m.
[[0;32m  OK  [0m] Started [0;1;39mRaise network interfaces[0m.
[[0;32m  OK  [0m] Started [0;1;39mWPA supplicant[0m.
         Starting [0;1;39mAuthorization Manager[0m...
[[0;32m  OK  [0m] Started [0;1;39mAvahi mDNS/DNS-SD Stack[0m.
[[0;32m  OK  [0m] Started [0;1;39mNetwork Manager[0m.
[[0;32m  OK  [0m] Reached target [0;1;39mNetwork[0m.
[[0;32m  OK  [0m] Started [0;1;39mUnattended Upgrades Shutdown[0m.
         Starting [0;1;39mOpenBSD Secure Shell server[0m...
         Starting [0;1;39mPermit User Sessions[0m...
         Starting [0;1;39mDaily apt download activities[0m...
         Starting [0;1;39mHostname Service[0m...
[[0;32m  OK  [0m] Started [0;1;39mAuthorization Manager[0m.
[[0;32m  OK  [0m] Started [0;1;39mPermit User Sessions[0m.
[[0;32m  OK  [0m] Started [0;1;39mAccounts Service[0m.
         Starting [0;1;39mHold until boot process finishes up[0m...
[[0;32m  OK  [0m] Started [0;1;39mModem Manager[0m.
[[0;32m  OK  [0m] Started [0;1;39mOpenBSD Secure Shell server[0m.
[[0;32m  OK  [0m] Started [0;1;39mHostname Service[0m.
         Starting [0;1;39mNetwork Manager Script Dispatcher Service[0m...
[[0;32m  OK  [0m] Listening on [0;1;39mLoad/Save RF Kill Switch Status /dev/rfkill Watch[0m.
[[0;32m  OK  [0m] Started [0;1;39mNetwork Manager Script Dispatcher Service[0m.
[[0;32m  OK  [0m] Started [0;1;39mDisk Manager[0m.
[[0;32m  OK  [0m] Started [0;1;39mRotate log files[0m.
[[0;32m  OK  [0m] Started [0;1;39mSave/Restore Sound Card State[0m.
[[0;32m  OK  [0m] Reached target [0;1;39mSound Card[0m.
[[0;32m  OK  [0m] Started [0;1;39mDaily apt download activities[0m.
         Starting [0;1;39mDaily apt upgrade and clean activities[0m...
[[0;32m  OK  [0m] Started [0;1;39mDaily man-db regeneration[0m.
[[0;32m  OK  [0m] Started [0;1;39mDaily apt upgrade and clean activities[0m.
[[0;32m  OK  [0m] Started [0;1;39mvboxadd.service[0m.
         Starting [0;1;39mvboxadd-service.service[0m...
         Starting [0;1;39mGNOME Display Manager[0m...
[[0;32m  OK  [0m] Started [0;1;39mGNOME Display Manager[0m.
[[0;32m  OK  [0m] Started [0;1;39mvboxadd-service.service[0m.
/dev/mapper/debian10--vg-root: clean, 159073/1525920 files, 1092876/6103040 blocks
[[0;32m  OK  [0m] Started [0;1;39mTell Plymouth To Write Out Runtime Data[0m.
[[0;32m  OK  [0m] Started [0;1;39mSet console font and keymap[0m.
[[0;32m  OK  [0m] Started [0;1;39mCreate Volatile Files and Directories[0m.
         Starting [0;1;39mUpdate UTMP about System Boot/Shutdown[0m...
[[0;32m  OK  [0m] Started [0;1;39mUpdate UTMP about System Boot/Shutdown[0m.
[[0;32m  OK  [0m] Started [0;1;39mLoad AppArmor profiles[0m.
         Starting [0;1;39mRaise network interfaces[0m...
[[0;32m  OK  [0m] Reached target [0;1;39mSystem Initialization[0m.
[[0;32m  OK  [0m] Started [0;1;39mDaily man-db regeneration[0m.
[[0;32m  OK  [0m] Started [0;1;39mTrigger anacron every hour[0m.
[[0;32m  OK  [0m] Listening on [0;1;39mD-Bus System Message Bus Socket[0m.
[[0;32m  OK  [0m] Listening on [0;1;39mAvahi mDNS/DNS-SD Stack Activation Socket[0m.
[[0;32m  OK  [0m] Reached target [0;1;39mSockets[0m.
[[0;32m  OK  [0m] Started [0;1;39mDaily apt download activities[0m.
[[0;32m  OK  [0m] Started [0;1;39mDaily rotation of log files[0m.
[[0;32m  OK  [0m] Reached target [0;1;39mBasic System[0m.
[[0;32m  OK  [0m] Started [0;1;39mRun anacron jobs[0m.
         Starting [0;1;39mvboxadd.service[0m...
         Starting [0;1;39mModem Manager[0m...
         Starting [0;1;39mAccounts Service[0m...
[[0;32m  OK  [0m] Reached target [0;1;39mLogin Prompts[0m.
         Starting [0;1;39mSystem Logging Service[0m...
[[0;32m  OK  [0m] Started [0;1;39mManage Sound Card State (restore and store)[0m.
         Starting [0;1;39mSave/Restore Sound Card State[0m...
         Starting [0;1;39mLogin Service[0m...
[[0;32m  OK  [0m] Started [0;1;39mD-Bus System Message Bus[0m.
         Starting [0;1;39mWPA supplicant[0m...
         Starting [0;1;39mNetwork Manager[0m...
         Starting [0;1;39mAvahi mDNS/DNS-SD Stack[0m...
         Starting [0;1;39mDisk Manager[0m...
         Starting [0;1;39mSwitcheroo Control Proxy service[0m...
         Starting [0;1;39mRestore /etc/resolv.conf if…hed before the ppp link was shut down[0m...
[[0;32m  OK  [0m] Started [0;1;39mRegular background program processing daemon[0m.
[[0;32m  OK  [0m] Started [0;1;39mDaily Cleanup of Temporary Directories[0m.
[[0;32m  OK  [0m] Started [0;1;39mDaily apt upgrade and clean activities[0m.
[[0;32m  OK  [0m] Reached target [0;1;39mTimers[0m.
[[0;32m  OK  [0m] Started [0;1;39mSave/Restore Sound Card State[0m.
[[0;32m  OK  [0m] Started [0;1;39mSwitcheroo Control Proxy service[0m.
[[0;32m  OK  [0m] Started [0;1;39mSystem Logging Service[0m.
[[0;32m  OK  [0m] Started [0;1;39mRestore /etc/resolv.conf if …ashed before the ppp link was shut down[0m.
[[0;32m  OK  [0m] Reached target [0;1;39mSound Card[0m.
[[0;32m  OK  [0m] Started [0;1;39mWPA supplicant[0m.
[[0;32m  OK  [0m] Started [0;1;39mAvahi mDNS/DNS-SD Stack[0m.
[[0;32m  OK  [0m] Started [0;1;39mLogin Service[0m.
         Starting [0;1;39mAuthorization Manager[0m...
[[0;32m  OK  [0m] Started [0;1;39mNetwork Manager[0m.
         Starting [0;1;39mHostname Service[0m...
[[0;32m  OK  [0m] Started [0;1;39mAuthorization Manager[0m.
[[0;32m  OK  [0m] Started [0;1;39mAccounts Service[0m.
[[0;32m  OK  [0m] Started [0;1;39mRaise network interfaces[0m.
[[0;32m  OK  [0m] Reached target [0;1;39mNetwork[0m.
[[0;32m  OK  [0m] Started [0;1;39mUnattended Upgrades Shutdown[0m.
         Starting [0;1;39mOpenBSD Secure Shell server[0m...
         Starting [0;1;39mPermit User Sessions[0m...
[[0;32m  OK  [0m] Started [0;1;39mModem Manager[0m.
[[0;32m  OK  [0m] Started [0;1;39mPermit User Sessions[0m.
         Starting [0;1;39mHold until boot process finishes up[0m...
[[0;32m  OK  [0m] Started [0;1;39mOpenBSD Secure Shell server[0m.
[[0;32m  OK  [0m] Started [0;1;39mHostname Service[0m.
         Starting [0;1;39mNetwork Manager Script Dispatcher Service[0m...
[[0;32m  OK  [0m] Listening on [0;1;39mLoad/Save RF Kill Switch Status /dev/rfkill Watch[0m.
[[0;32m  OK  [0m] Started [0;1;39mNetwork Manager Script Dispatcher Service[0m.
[[0;32m  OK  [0m] Started [0;1;39mDisk Manager[0m.
[[0;32m  OK  [0m] Started [0;1;39mvboxadd.service[0m.
         Starting [0;1;39mGNOME Display Manager[0m...
         Starting [0;1;39mvboxadd-service.service[0m...
[[0;32m  OK  [0m] Started [0;1;39mvboxadd-service.service[0m.
[[0;32m  OK  [0m] Started [0;1;39mGNOME Display Manager[0m.
/dev/mapper/debian10--vg-root: clean, 198947/1525920 files, 1356368/6103040 blocks
[[0;32m  OK  [0m] Started [0;1;39mTell Plymouth To Write Out Runtime Data[0m.
[[0;32m  OK  [0m] Started [0;1;39mSet console font and keymap[0m.
[[0;32m  OK  [0m] Started [0;1;39mCreate Volatile Files and Directories[0m.
         Starting [0;1;39mUpdate UTMP about System Boot/Shutdown[0m...
[[0;32m  OK  [0m] Started [0;1;39mUpdate UTMP about System Boot/Shutdown[0m.
[[0;32m  OK  [0m] Started [0;1;39mLoad AppArmor profiles[0m.
         Starting [0;1;39mRaise network interfaces[0m...
[[0;32m  OK  [0m] Reached target [0;1;39mSystem Initialization[0m.
[[0;32m  OK  [0m] Started [0;1;39mTrigger anacron every hour[0m.
[[0;32m  OK  [0m] Listening on [0;1;39mAvahi mDNS/DNS-SD Stack Activation Socket[0m.
[[0;32m  OK  [0m] Started [0;1;39mDaily man-db regeneration[0m.
[[0;32m  OK  [0m] Listening on [0;1;39mD-Bus System Message Bus Socket[0m.
[[0;32m  OK  [0m] Reached target [0;1;39mSockets[0m.
[[0;32m  OK  [0m] Reached target [0;1;39mBasic System[0m.
         Starting [0;1;39mSystem Logging Service[0m...
         Starting [0;1;39mRestore /etc/resolv.conf if the system crashed before the ppp link was shut down[0m...
[[0;32m  OK  [0m] Reached target [0;1;39mLogin Prompts[0m.
[[0;32m  OK  [0m] Started [0;1;39mRegular background program processing daemon[0m.
         Starting [0;1;39mvboxadd.service[0m...
         Starting [0;1;39mLogin Service[0m...
         Starting [0;1;39mAvahi mDNS/DNS-SD Stack[0m...
         Starting [0;1;39mDisk Manager[0m...
         Starting [0;1;39mModem Manager[0m...
         Starting [0;1;39mAccounts Service[0m...
[[0;32m  OK  [0m] Started [0;1;39mDaily rotation of log files[0m.
[[0;32m  OK  [0m] Started [0;1;39mDaily Cleanup of Temporary Directories[0m.
[[0;32m  OK  [0m] Started [0;1;39mD-Bus System Message Bus[0m.
         Starting [0;1;39mNetwork Manager[0m...
         Starting [0;1;39mWPA supplicant[0m...
[[0;32m  OK  [0m] Started [0;1;39mRun anacron jobs[0m.
         Starting [0;1;39mSwitcheroo Control Proxy service[0m...
[[0;32m  OK  [0m] Started [0;1;39mManage Sound Card State (restore and store)[0m.
         Starting [0;1;39mSave/Restore Sound Card State[0m...
[[0;32m  OK  [0m] Started [0;1;39mDaily apt download activities[0m.
[[0;32m  OK  [0m] Started [0;1;39mDaily apt upgrade and clean activities[0m.
[[0;32m  OK  [0m] Reached target [0;1;39mTimers[0m.
[[0;32m  OK  [0m] Started [0;1;39mSystem Logging Service[0m.
[[0;32m  OK  [0m] Started [0;1;39mRestore /etc/resolv.conf if the system crashed before the ppp link was shut down[0m.
[[0;32m  OK  [0m] Started [0;1;39mRaise network interfaces[0m.
[[0;32m  OK  [0m] Started [0;1;39mSwitcheroo Control Proxy service[0m.
[[0;32m  OK  [0m] Started [0;1;39mLogin Service[0m.
[[0;32m  OK  [0m] Started [0;1;39mSave/Restore Sound Card State[0m.
[[0;32m  OK  [0m] Started [0;1;39mWPA supplicant[0m.
[[0;32m  OK  [0m] Reached target [0;1;39mSound Card[0m.
[[0;32m  OK  [0m] Started [0;1;39mAvahi mDNS/DNS-SD Stack[0m.
         Starting [0;1;39mAuthorization Manager[0m...
[[0;32m  OK  [0m] Started [0;1;39mNetwork Manager[0m.
[[0;32m  OK  [0m] Reached target [0;1;39mNetwork[0m.
         Starting [0;1;39mDaily apt upgrade and clean activities[0m...
         Starting [0;1;39mOpenBSD Secure Shell server[0m...
[[0;32m  OK  [0m] Started [0;1;39mUnattended Upgrades Shutdown[0m.
         Starting [0;1;39mPermit User Sessions[0m...
[[0;32m  OK  [0m] Started [0;1;39mAuthorization Manager[0m.
[[0;32m  OK  [0m] Started [0;1;39mAccounts Service[0m.
         Starting [0;1;39mHostname Service[0m...
[[0;32m  OK  [0m] Started [0;1;39mPermit User Sessions[0m.
         Starting [0;1;39mHold until boot process finishes up[0m...
[[0;32m  OK  [0m] Started [0;1;39mModem Manager[0m.
[[0;32m  OK  [0m] Started [0;1;39mOpenBSD Secure Shell server[0m.
[[0;32m  OK  [0m] Started [0;1;39mHostname Service[0m.
         Starting [0;1;39mNetwork Manager Script Dispatcher Service[0m...
[[0;32m  OK  [0m] Listening on [0;1;39mLoad/Save RF Kill Switch Status /dev/rfkill Watch[0m.
[[0;32m  OK  [0m] Started [0;1;39mNetwork Manager Script Dispatcher Service[0m.
[[0;32m  OK  [0m] Started [0;1;39mDisk Manager[0m.
[[0;32m  OK  [0m] Started [0;1;39mDaily apt upgrade and clean activities[0m.
[[0;32m  OK  [0m] Started [0;1;39mvboxadd.service[0m.
         Starting [0;1;39mvboxadd-service.service[0m...
         Starting [0;1;39mGNOME Display Manager[0m...
[[0;32m  OK  [0m] Started [0;1;39mvboxadd-service.service[0m.
[[0;32m  OK  [0m] Started [0;1;39mGNOME Display Manager[0m.
