Nov 15 14:48:56 +00:00 (none)  Mounting virtual file systems: /run /proc /sys /dev/shm /sys/fs/cgroup OK
Nov 15 14:48:57 +00:00 (none)  Create symlinks in /dev targeting /proc: /dev/stdin /dev/stdout /dev/stderr /dev/fd /dev/core OK
Nov 15 14:48:57 +00:00 (none)  Bringing up the loopback interface... OK
Nov 15 14:48:57 +00:00 (none)  Setting hostname to ogenser... OK
Nov 15 14:48:57 +00:00 ogenser  Populating /dev with device nodes...  OK
Nov 15 14:48:51 +00:00 ogenser  Activating all swap files/partitions... OK
Nov 15 14:48:51 +00:00 ogenser  Mounting root file system in read-only mode...  OK
Nov 15 14:48:51 +00:00 ogenser  Checking file systems... OK
Nov 15 14:48:51 +00:00 ogenser  Remounting root file system in read-write mode... OK
Nov 15 14:48:51 +00:00 ogenser  Mounting remaining file systems... OK
Nov 15 14:48:51 +00:00 ogenser  Cleaning file systems: /tmp OK
Nov 15 14:48:51 +00:00 ogenser  Retrying failed uevents, if any... OK
Nov 15 14:48:53 +00:00 ogenser  Setting up Linux console... OK
Nov 15 14:48:53 +00:00 ogenser  Starting system log daemon... OK
Nov 15 14:48:53 +00:00 ogenser  Starting kernel log daemon... OK
Nov 15 14:48:53 +00:00 ogenser  Bringing up the eth0 interface...Nov 15 14:48:53 +00:00 ogenser  Interface eth0 doesn't exist. FAIL
--------
Nov 15 14:58:44 +00:00 (none)  Mounting virtual file systems: /run /proc /sys /dev/shm /sys/fs/cgroup OK
Nov 15 14:58:44 +00:00 (none)  Create symlinks in /dev targeting /proc: /dev/stdin /dev/stdout /dev/stderr /dev/fd /dev/core OK
Nov 15 14:58:44 +00:00 (none)  Bringing up the loopback interface... OK
Nov 15 14:58:44 +00:00 (none)  Setting hostname to ogenser... OK
Nov 15 14:58:44 +00:00 ogenser  Populating /dev with device nodes...  OK
Nov 15 14:58:35 +00:00 ogenser  Activating all swap files/partitions... OK
Nov 15 14:58:35 +00:00 ogenser  Mounting root file system in read-only mode...  OK
Nov 15 14:58:35 +00:00 ogenser  Checking file systems... OK
Nov 15 14:58:35 +00:00 ogenser  Remounting root file system in read-write mode... OK
Nov 15 14:58:35 +00:00 ogenser  Mounting remaining file systems... OK
Nov 15 14:58:35 +00:00 ogenser  Cleaning file systems: /tmp OK
Nov 15 14:58:35 +00:00 ogenser  Retrying failed uevents, if any... OK
Nov 15 14:58:36 +00:00 ogenser  Setting up Linux console... OK
Nov 15 14:58:36 +00:00 ogenser  Starting system log daemon... OK
Nov 15 14:58:36 +00:00 ogenser  Starting kernel log daemon... OK
Nov 15 14:58:36 +00:00 ogenser  Bringing up the eth0 interface...Nov 15 14:58:36 +00:00 ogenser  Interface eth0 doesn't exist. FAIL
--------
Nov 15 16:57:45 +00:00 (none)  Mounting virtual file systems: /run /proc /sys /dev/shm /sys/fs/cgroup OK
Nov 15 16:57:45 +00:00 (none)  Create symlinks in /dev targeting /proc: /dev/stdin /dev/stdout /dev/stderr /dev/fd /dev/core OK
Nov 15 16:57:45 +00:00 (none)  Bringing up the loopback interface... OK
Nov 15 16:57:45 +00:00 (none)  Setting hostname to ogenser... OK
Nov 15 16:57:46 +00:00 ogenser  Populating /dev with device nodes...  OK
Nov 15 16:57:37 +00:00 ogenser  Activating all swap files/partitions... OK
Nov 15 16:57:37 +00:00 ogenser  Mounting root file system in read-only mode...  OK
Nov 15 16:57:37 +00:00 ogenser  Checking file systems... OK
Nov 15 16:57:37 +00:00 ogenser  Remounting root file system in read-write mode... OK
Nov 15 16:57:37 +00:00 ogenser  Mounting remaining file systems... OK
Nov 15 16:57:37 +00:00 ogenser  Cleaning file systems: /tmp OK
Nov 15 16:57:37 +00:00 ogenser  Retrying failed uevents, if any... OK
Nov 15 16:57:38 +00:00 ogenser  Setting up Linux console... OK
Nov 15 16:57:38 +00:00 ogenser  Starting system log daemon... OK
Nov 15 16:57:38 +00:00 ogenser  Starting kernel log daemon... OK
Nov 15 16:57:38 +00:00 ogenser  Bringing up the enp0s3 interface... OK
Nov 15 16:57:38 +00:00 ogenser  Adding IPv4 address 10.0.2.15 to the enp0s3 interface... OK
Nov 15 16:57:38 +00:00 ogenser  Adding default gateway 10.0.2.2 to the enp0s3 interface... OK
Nov 15 16:57:38 +00:00 ogenser  Bringing up the eth0 interface...Nov 15 16:57:38 +00:00 ogenser  Interface eth0 doesn't exist. FAIL
--------
Nov 17 21:19:49 +00:00 (none)  Mounting virtual file systems: /run /proc /sys /dev/shm /sys/fs/cgroup OK
Nov 17 21:19:49 +00:00 (none)  Create symlinks in /dev targeting /proc: /dev/stdin /dev/stdout /dev/stderr /dev/fd /dev/core OK
Nov 17 21:19:49 +00:00 (none)  Bringing up the loopback interface... OK
Nov 17 21:19:49 +00:00 (none)  Setting hostname to ogenser... OK
Nov 17 21:19:49 +00:00 ogenser  Populating /dev with device nodes...  OK
Nov 17 21:19:41 +00:00 ogenser  Activating all swap files/partitions... OK
Nov 17 21:19:41 +00:00 ogenser  Mounting root file system in read-only mode...  OK
Nov 17 21:19:41 +00:00 ogenser  Checking file systems... OK
Nov 17 21:19:41 +00:00 ogenser  Remounting root file system in read-write mode... OK
Nov 17 21:19:41 +00:00 ogenser  Mounting remaining file systems... OK
Nov 17 21:19:41 +00:00 ogenser  Cleaning file systems: /tmp OK
Nov 17 21:19:41 +00:00 ogenser  Retrying failed uevents, if any... OK
Nov 17 21:19:42 +00:00 ogenser  Setting up Linux console... OK
Nov 17 21:19:42 +00:00 ogenser  Starting system log daemon... OK
Nov 17 21:19:42 +00:00 ogenser  Starting kernel log daemon... OK
Nov 17 21:19:42 +00:00 ogenser  Bringing up the enp0s3 interface... OK
Nov 17 21:19:42 +00:00 ogenser  Adding IPv4 address 10.0.2.15 to the enp0s3 interface... OK
Nov 17 21:19:42 +00:00 ogenser  Adding default gateway 10.0.2.2 to the enp0s3 interface... OK
Nov 17 21:19:42 +00:00 ogenser  Bringing up the eth0 interface...Nov 17 21:19:42 +00:00 ogenser  Interface eth0 doesn't exist. FAIL
--------
Nov 17 23:22:07 +00:00 (none)  Mounting virtual file systems: /run /proc /sys /dev/shm /sys/fs/cgroup OK
Nov 17 23:22:07 +00:00 (none)  Create symlinks in /dev targeting /proc: /dev/stdin /dev/stdout /dev/stderr /dev/fd /dev/core OK
Nov 17 23:22:07 +00:00 (none)  Bringing up the loopback interface... OK
Nov 17 23:22:08 +00:00 (none)  Setting hostname to ogenser... OK
Nov 17 23:22:08 +00:00 ogenser  Populating /dev with device nodes...  OK
Nov 17 23:21:59 +00:00 ogenser  Activating all swap files/partitions... OK
Nov 17 23:21:59 +00:00 ogenser  Mounting root file system in read-only mode...  OK
Nov 17 23:21:59 +00:00 ogenser  Checking file systems... OK
Nov 17 23:21:59 +00:00 ogenser  Remounting root file system in read-write mode... OK
Nov 17 23:21:59 +00:00 ogenser  Mounting remaining file systems... OK
Nov 17 23:21:59 +00:00 ogenser  Cleaning file systems: /tmp OK
Nov 17 23:21:59 +00:00 ogenser  Retrying failed uevents, if any... OK
Nov 17 23:22:00 +00:00 ogenser  Setting up Linux console... OK
Nov 17 23:22:00 +00:00 ogenser  Starting system log daemon... OK
Nov 17 23:22:00 +00:00 ogenser  Starting kernel log daemon... OK
Nov 17 23:22:00 +00:00 ogenser  Bringing up the enp0s3 interface... OK
Nov 17 23:22:00 +00:00 ogenser  Adding IPv4 address 10.0.2.15 to the enp0s3 interface... OK
Nov 17 23:22:00 +00:00 ogenser  Adding default gateway 10.0.2.2 to the enp0s3 interface... OK
Nov 17 23:22:00 +00:00 ogenser  Bringing up the eth0 interface...Nov 17 23:22:00 +00:00 ogenser  Interface eth0 doesn't exist. FAIL
Nov 17 23:22:00 +00:00 ogenser  Starting SSH Server... OK
--------
Nov 17 23:35:18 +00:00 (none)  Mounting virtual file systems: /run /proc /sys /dev/shm /sys/fs/cgroup OK
Nov 17 23:35:18 +00:00 (none)  Create symlinks in /dev targeting /proc: /dev/stdin /dev/stdout /dev/stderr /dev/fd /dev/core OK
Nov 17 23:35:19 +00:00 (none)  Bringing up the loopback interface... OK
Nov 17 23:35:19 +00:00 (none)  Setting hostname to ogenser... OK
Nov 17 23:35:19 +00:00 ogenser  Populating /dev with device nodes...  OK
Nov 17 23:35:10 +00:00 ogenser  Activating all swap files/partitions... OK
Nov 17 23:35:11 +00:00 ogenser  Mounting root file system in read-only mode...  OK
Nov 17 23:35:11 +00:00 ogenser  Checking file systems... OK
Nov 17 23:35:11 +00:00 ogenser  Remounting root file system in read-write mode... OK
Nov 17 23:35:11 +00:00 ogenser  Mounting remaining file systems... OK
Nov 17 23:35:11 +00:00 ogenser  Cleaning file systems: /tmp OK
Nov 17 23:35:11 +00:00 ogenser  Retrying failed uevents, if any... OK
Nov 17 23:35:12 +00:00 ogenser  Setting up Linux console... OK
Nov 17 23:35:12 +00:00 ogenser  Starting system log daemon... OK
Nov 17 23:35:12 +00:00 ogenser  Starting kernel log daemon... OK
Nov 17 23:35:12 +00:00 ogenser  Bringing up the enp0s3 interface... OK
Nov 17 23:35:12 +00:00 ogenser  Adding IPv4 address 10.0.2.15 to the enp0s3 interface... OK
Nov 17 23:35:12 +00:00 ogenser  Adding default gateway 10.0.2.2 to the enp0s3 interface... OK
Nov 17 23:35:12 +00:00 ogenser  Bringing up the eth0 interface...Nov 17 23:35:12 +00:00 ogenser  Interface eth0 doesn't exist. FAIL
Nov 17 23:35:12 +00:00 ogenser  Starting SSH Server... OK
--------
Nov 18 09:22:19 +00:00 (none)  Mounting virtual file systems: /run /proc /sys /dev/shm /sys/fs/cgroup OK
Nov 18 09:22:19 +00:00 (none)  Create symlinks in /dev targeting /proc: /dev/stdin /dev/stdout /dev/stderr /dev/fd /dev/core OK
Nov 18 09:22:19 +00:00 (none)  Bringing up the loopback interface... OK
Nov 18 09:22:19 +00:00 (none)  Setting hostname to ogenser... OK
Nov 18 09:22:19 +00:00 ogenser  Populating /dev with device nodes...  OK
Nov 18 09:22:11 +00:00 ogenser  Activating all swap files/partitions... OK
Nov 18 09:22:11 +00:00 ogenser  Mounting root file system in read-only mode...  OK
Nov 18 09:22:11 +00:00 ogenser  Checking file systems... OK
Nov 18 09:22:11 +00:00 ogenser  Remounting root file system in read-write mode... OK
Nov 18 09:22:11 +00:00 ogenser  Mounting remaining file systems... OK
Nov 18 09:22:11 +00:00 ogenser  Cleaning file systems: /tmp OK
Nov 18 09:22:11 +00:00 ogenser  Retrying failed uevents, if any... OK
Nov 18 09:22:13 +00:00 ogenser  Setting up Linux console... OK
Nov 18 09:22:13 +00:00 ogenser  Starting system log daemon... OK
Nov 18 09:22:13 +00:00 ogenser  Starting kernel log daemon... OK
Nov 18 09:22:13 +00:00 ogenser  Bringing up the enp0s3 interface... OK
Nov 18 09:22:13 +00:00 ogenser  Adding IPv4 address 10.0.2.15 to the enp0s3 interface... OK
Nov 18 09:22:13 +00:00 ogenser  Adding default gateway 10.0.2.2 to the enp0s3 interface... OK
Nov 18 09:22:13 +00:00 ogenser  Bringing up the eth0 interface...Nov 18 09:22:13 +00:00 ogenser  Interface eth0 doesn't exist. FAIL
Nov 18 09:22:13 +00:00 ogenser  Starting SSH Server... OK
--------
